11.12 02:42:33 [Multicraft] Loading server properties
11.12 02:42:33 [Multicraft] Starting server!
11.12 02:42:33 [Multicraft] Loaded config for "Fabric 1.20.1 (Fabric API + Lithium + Phosphor)"
11.12 02:42:33 [Multicraft] JAR file not found, copying from global JAR directory
11.12 02:42:33 [Multicraft] Failed to copy jarfile from global JAR directory
11.12 02:42:33 [Multicraft] Updating eula.txt file
11.12 02:42:34 [Server] INFO Starting net.fabricmc.loader.impl.game.minecraft.BundlerClassPathCapture
11.12 02:42:35 [Server] main/INFO Loading Minecraft 1.20.1 with Fabric Loader 0.15.0
11.12 02:42:35 [Server] main/INFO Loading 58 mods:
11.12 02:42:35 [Server] INFO - extraorigins 1.20-3
11.12 02:42:35 [Server] INFO - fabric-api 0.91.0+1.20.1
11.12 02:42:35 [Server] INFO |-- fabric-api-base 0.4.30+7abfd51577
11.12 02:42:35 [Server] INFO |-- fabric-api-lookup-api-v1 1.6.35+4d8536c977
11.12 02:42:35 [Server] INFO |-- fabric-biome-api-v1 13.0.12+215bbe9677
11.12 02:42:35 [Server] INFO |-- fabric-block-api-v1 1.0.10+92a0d36777
11.12 02:42:35 [Server] INFO |-- fabric-block-view-api-v2 1.0.0+92a0d36777
11.12 02:42:35 [Server] INFO |-- fabric-blockrenderlayer-v1 1.1.40+b3afc78b77
11.12 02:42:35 [Server] INFO |-- fabric-client-tags-api-v1 1.1.1+97bb207577
11.12 02:42:35 [Server] INFO |-- fabric-command-api-v1 1.2.33+f71b366f77
11.12 02:42:35 [Server] INFO |-- fabric-command-api-v2 2.2.12+b3afc78b77
11.12 02:42:35 [Server] INFO |-- fabric-commands-v0 0.2.50+df3654b377
11.12 02:42:35 [Server] INFO |-- fabric-containers-v0 0.1.63+df3654b377
11.12 02:42:35 [Server] INFO |-- fabric-content-registries-v0 4.0.10+57aed33f77
11.12 02:42:35 [Server] INFO |-- fabric-convention-tags-v1 1.5.4+a1a980da77
11.12 02:42:35 [Server] INFO |-- fabric-crash-report-info-v1 0.2.18+aeb40ebe77
11.12 02:42:35 [Server] INFO |-- fabric-data-generation-api-v1 12.3.3+d7b148e077
11.12 02:42:35 [Server] INFO |-- fabric-dimensions-v1 2.1.53+8536527b77
11.12 02:42:35 [Server] INFO |-- fabric-entity-events-v1 1.5.22+b3afc78b77
11.12 02:42:35 [Server] INFO |-- fabric-events-interaction-v0 0.6.1+e91849a877
11.12 02:42:35 [Server] INFO |-- fabric-events-lifecycle-v0 0.2.62+df3654b377
11.12 02:42:35 [Server] INFO |-- fabric-game-rule-api-v1 1.0.39+ae9f657a77
11.12 02:42:35 [Server] INFO |-- fabric-item-api-v1 2.1.27+b3afc78b77
11.12 02:42:35 [Server] INFO |-- fabric-item-group-api-v1 4.0.11+d7b148e077
11.12 02:42:35 [Server] INFO |-- fabric-key-binding-api-v1 1.0.36+fb8d95da77
11.12 02:42:35 [Server] INFO |-- fabric-keybindings-v0 0.2.34+df3654b377
11.12 02:42:35 [Server] INFO |-- fabric-lifecycle-events-v1 2.2.21+b3afc78b77
11.12 02:42:35 [Server] INFO |-- fabric-loot-api-v2 1.2.0+96dfa95977
11.12 02:42:35 [Server] INFO |-- fabric-loot-tables-v1 1.1.44+9e7660c677
11.12 02:42:35 [Server] INFO |-- fabric-message-api-v1 5.1.8+d7b148e077
11.12 02:42:35 [Server] INFO |-- fabric-mining-level-api-v1 2.1.49+b3afc78b77
11.12 02:42:35 [Server] INFO |-- fabric-model-loading-api-v1 1.0.2+709a987177
11.12 02:42:35 [Server] INFO |-- fabric-models-v0 0.4.1+9386d8a777
11.12 02:42:35 [Server] INFO |-- fabric-networking-api-v1 1.3.10+eeb8eb3677
11.12 02:42:35 [Server] INFO |-- fabric-networking-v0 0.3.50+df3654b377
11.12 02:42:35 [Server] INFO |-- fabric-object-builder-api-v1 11.1.2+4ee0bc6077
11.12 02:42:35 [Server] INFO |-- fabric-particles-v1 1.1.1+201a23a077
11.12 02:42:35 [Server] INFO |-- fabric-recipe-api-v1 1.0.20+b3afc78b77
11.12 02:42:35 [Server] INFO |-- fabric-registry-sync-v0 2.3.2+4df89eb277
11.12 02:42:35 [Server] INFO |-- fabric-renderer-api-v1 3.2.0+39a511ba77
11.12 02:42:35 [Server] INFO |-- fabric-renderer-indigo 1.5.0+39a511ba77
11.12 02:42:35 [Server] INFO |-- fabric-renderer-registries-v1 3.2.45+df3654b377
11.12 02:42:35 [Server] INFO |-- fabric-rendering-data-attachment-v1 0.3.36+92a0d36777
11.12 02:42:35 [Server] INFO |-- fabric-rendering-fluids-v1 3.0.27+b3afc78b77
11.12 02:42:35 [Server] INFO |-- fabric-rendering-v0 1.1.48+df3654b377
11.12 02:42:35 [Server] INFO |-- fabric-rendering-v1 3.0.7+b3afc78b77
11.12 02:42:35 [Server] INFO |-- fabric-resource-conditions-api-v1 2.3.7+29de845d77
11.12 02:42:35 [Server] INFO |-- fabric-resource-loader-v0 0.11.9+132c48c177
11.12 02:42:35 [Server] INFO |-- fabric-screen-api-v1 2.0.7+b3afc78b77
11.12 02:42:35 [Server] INFO |-- fabric-screen-handler-api-v1 1.3.29+b3afc78b77
11.12 02:42:35 [Server] INFO |-- fabric-sound-api-v1 1.0.12+b3afc78b77
11.12 02:42:35 [Server] INFO |-- fabric-transfer-api-v1 3.3.3+c81d263177
11.12 02:42:35 [Server] INFO \-- fabric-transitive-access-wideners-v1 4.3.0+6c31357e77
11.12 02:42:35 [Server] INFO - fabricloader 0.15.0
11.12 02:42:35 [Server] INFO \-- mixinextras 0.3.0
11.12 02:42:35 [Server] INFO - java 17
11.12 02:42:35 [Server] INFO - lithium 0.11.2
11.12 02:42:35 [Server] INFO - minecraft 1.20.1
11.12 02:42:35 [Server] INFO - moborigins 1.11.1
11.12 02:42:35 [Server] INFO - origins 1.10.0
11.12 02:42:35 [Server] INFO |-- apoli 2.9.0
11.12 02:42:35 [Server] INFO |    |-- additionalentityattributes 1.3.0+1.20.0
11.12 02:42:35 [Server] INFO |    |-- calio 1.11.0
11.12 02:42:35 [Server] INFO |    |-- cardinal-components-base 5.2.1
11.12 02:42:35 [Server] INFO |    |-- cardinal-components-entity 5.2.1
11.12 02:42:35 [Server] INFO |    |-- cloth-config 11.0.99
11.12 02:42:35 [Server] INFO |    |    \-- cloth-basic-math 0.6.1
11.12 02:42:35 [Server] INFO |    \-- playerabilitylib 1.8.0
11.12 02:42:35 [Server] INFO \-- reach-entity-attributes 2.4.0
11.12 02:42:35 [Server] INFO - pehkui 3.7.11+1.14.4-1.20.2
11.12 02:42:35 [Server] INFO \-- kanos_config 0.4.1+1.14.4-1.19.4
11.12 02:42:35 [Server] main/INFO SpongePowered MIXIN Subsystem Version=0.8.5 Source=file:/libraries/net/fabricmc/sponge-mixin/0.12.5+mixin.0.8.5/sponge-mixin-0.12.5+mixin.0.8.5.jar Service=Knot/Fabric Env=SERVER
11.12 02:42:35 [Server] main/INFO Compatibility level set to JAVA_17
11.12 02:42:35 [Server] main/INFO Loaded configuration file for Lithium: 115 options available, 1 override(s) found
11.12 02:42:36 [Server] main/WARN Force-disabling mixin 'entity.collisions.suffocation.EntityMixin' as rule 'mixin.entity.collisions.suffocation' (added by mods [apoli]) disables it and children
11.12 02:42:36 [Server] main/INFO Initializing MixinExtras via com.llamalad7.mixinextras.service.MixinExtrasServiceImpl(version=0.3.0).
11.12 02:42:40 [Server] main/ERROR Minecraft has crashed!
11.12 02:42:40 [Server] INFO net.fabricmc.loader.impl.FormattedException: java.lang.NoSuchFieldError: ATTACK_DAMAGE_MODIFIER
11.12 02:42:40 [Server] INFO at net.fabricmc.loader.impl.FormattedException.ofLocalized(FormattedException.java:63) ~[fabric-loader-0.15.0.jar:?]
11.12 02:42:40 [Server] INFO at net.fabricmc.loader.impl.game.minecraft.MinecraftGameProvider.launch(MinecraftGameProvider.java:472) ~[fabric-loader-0.15.0.jar:?]
11.12 02:42:40 [Server] INFO at net.fabricmc.loader.impl.launch.knot.Knot.launch(Knot.java:74) ~[fabric-loader-0.15.0.jar:?]
11.12 02:42:40 [Server] INFO at net.fabricmc.loader.impl.launch.knot.KnotServer.main(KnotServer.java:23) ~[fabric-loader-0.15.0.jar:?]
11.12 02:42:40 [Server] INFO at net.fabricmc.loader.impl.launch.server.FabricServerLauncher.main(FabricServerLauncher.java:69) ~[fabric-loader-0.15.0.jar:?]
11.12 02:42:40 [Server] INFO at net.fabricmc.installer.ServerLauncher.main(ServerLauncher.java:69) ~[Fabric_Latest_1.20.1.jar:0.11.2]
11.12 02:42:40 [Server] INFO Caused by: java.lang.NoSuchFieldError: ATTACK_DAMAGE_MODIFIER
11.12 02:42:40 [Server] INFO at net.minecraft.class_1799.<clinit>(class_1799.java:133) ~[server-intermediary.jar:?]
11.12 02:42:40 [Server] INFO at net.minecraft.class_3727.<clinit>(class_3727.java:16) ~[server-intermediary.jar:?]
11.12 02:42:40 [Server] INFO at net.minecraft.class_3726.method_16194(class_3726.java:10) ~[server-intermediary.jar:?]
11.12 02:42:40 [Server] INFO at net.minecraft.class_4970$class_4971.method_26218(class_4970.java:1028) ~[server-intermediary.jar:?]
11.12 02:42:40 [Server] INFO at net.minecraft.class_2248.method_9579(class_2248.java:309) ~[server-intermediary.jar:?]
11.12 02:42:40 [Server] INFO at net.minecraft.class_4970$class_4971$class_3752.<init>(class_4970.java:1281) ~[server-intermediary.jar:?]
11.12 02:42:40 [Server] INFO at net.minecraft.class_4970$class_4971.method_26200(class_4970.java:843) ~[server-intermediary.jar:?]
11.12 02:42:40 [Server] INFO at net.minecraft.class_2246.<clinit>(class_2246.java:1185) ~[server-intermediary.jar:?]
11.12 02:42:40 [Server] INFO at net.minecraft.class_2358.method_10199(class_2358.java:326) ~[server-intermediary.jar:?]
11.12 02:42:40 [Server] INFO at net.minecraft.class_2966.method_12851(class_2966.java:54) ~[server-intermediary.jar:?]
11.12 02:42:40 [Server] INFO at net.minecraft.server.Main.main(Main.java:109) ~[server-intermediary.jar:?]
11.12 02:42:40 [Server] INFO at net.fabricmc.loader.impl.game.minecraft.MinecraftGameProvider.launch(MinecraftGameProvider.java:470) ~[fabric-loader-0.15.0.jar:?]
11.12 02:42:40 [Server] INFO ... 4 more
11.12 02:42:41 [Multicraft] Server shut down (starting)
11.12 02:42:41 [Multicraft] Restarting crashed server in 10 seconds
11.12 02:42:41 [Multicraft] Looks like a crash, check the server console. Return value: 1
11.12 02:42:41 [Multicraft] Server stopped
